2023/07/10 12:01:24 RequiresStatusChecks: false
2023/07/10 12:01:24 RequiresStrictStatusChecks: true
2023/07/10 12:01:24 upToDateBeforeMerge: false
2023/07/10 12:01:25 maxReviewScore: 1
2023/07/10 12:01:25 maxAdminReviewScore: 2
2023/07/10 12:01:25 reviewScore: 1
2023/07/10 12:01:25 adminReviewScore: 1
2023/07/10 12:01:25 score: 5.000000
2023/07/10 12:01:59 RequiresStatusChecks: true
2023/07/10 12:01:59 RequiresStrictStatusChecks: false
2023/07/10 12:01:59 upToDateBeforeMerge: false
2023/07/10 12:01:59 maxReviewScore: 1
2023/07/10 12:01:59 maxAdminReviewScore: 2
2023/07/10 12:01:59 reviewScore: 1
2023/07/10 12:01:59 adminReviewScore: 1
2023/07/10 12:01:59 score: 5.000000
2023/07/10 12:02:19 RequiresStatusChecks: true
2023/07/10 12:02:19 RequiresStrictStatusChecks: true
2023/07/10 12:02:19 upToDateBeforeMerge: true
2023/07/10 12:02:19 maxReviewScore: 1
2023/07/10 12:02:19 maxAdminReviewScore: 2
2023/07/10 12:02:19 reviewScore: 1
2023/07/10 12:02:19 adminReviewScore: 2
2023/07/10 12:02:19 score: 6.000000
